
==============================================================
STRING = com.mysql.jdbc.JDBC4PreparedStatement@5a5aa666: SELECT `IdBarang`, `NamaBarang`, SUM(`Stok`) as 'Stok' FROM (
SELECT a.`IdBarang`, `NamaBarang`, `NettoPelita` AS 'Stok', 'Penerimaan' as 'Keterangan' FROM `tbpenerimaan`a JOIN `tbmbarang`b ON a.`IdBarang`=b.`IdBarang` WHERE `NamaBarang` = 'G. HALUS YODIUM BAHAN'
UNION ALL
SELECT a.`IdBarang`, `NamaBarang`, `Jumlah`*-1 AS 'Stok', 'Penjualan' as 'Keterangan' FROM `tbpenjualandetail`a JOIN `tbmbarang`b ON a.`IdBarang`=b.`IdBarang` WHERE `NamaBarang` = 'G. HALUS YODIUM BAHAN'
UNION ALL
SELECT  `IdBarangBahan`, `NamaBarang`, IF(`IdJenisBarang`=2, `JumlahBahan`*-1*`Satuan`, `JumlahBahan`*-1), 'Bahan Poles' as 'Keterangan' FROM `tbpacking`a JOIN `tbmbarang`b ON a.`IdBarangBahan`=b.`IdBarang` WHERE `NamaBarang` = 'G. HALUS YODIUM BAHAN'
UNION ALL
SELECT  `IdBarangHasil`, `NamaBarang`, IF(`IdJenisBarang`=2, `JumlahHasil`*`Satuan`, `JumlahHasil`), 'Hasil Poles' as 'Keterangan' FROM `tbpacking`a JOIN `tbmbarang`b ON a.`IdBarangHasil`=b.`IdBarang` WHERE `NamaBarang` = 'G. HALUS YODIUM BAHAN'
UNION ALL
SELECT `IdBarang`, `NamaBarang` `Penyesuaian` as 'Stok', 'Penyesuaian' as 'Keterangan' FROM `tbpenyesuaian`a JOIN `tbmbarang`b ON a.`IdBarang`=b.`IdBarang` WHERE `NamaBarang` = 'G. HALUS YODIUM BAHAN'
) as tbTemp GROUP BY `NamaBarang`
    ORDER BY `IdBarang` ASC, `Keterangan` DESC LIMIT 1
==============================================================

==============================================================
com.mysql.jdbc.exceptions.jdbc4.MySQLSyntaxErrorException: You have an error in your SQL syntax; check the manual that corresponds to your MySQL server version for the right syntax to use near 'as 'Stok', 'Penyesuaian' as 'Keterangan' FROM `tbpenyesuaian`a JOIN `tbmbarang`b' at line 10
	at sun.reflect.NativeConstructorAccessorImpl.newInstance0(Native Method)
	at sun.reflect.NativeConstructorAccessorImpl.newInstance(NativeConstructorAccessorImpl.java:62)
	at sun.reflect.DelegatingConstructorAccessorImpl.newInstance(DelegatingConstructorAccessorImpl.java:45)
	at java.lang.reflect.Constructor.newInstance(Constructor.java:423)
	at com.mysql.jdbc.Util.handleNewInstance(Util.java:411)
	at com.mysql.jdbc.Util.getInstance(Util.java:386)
	at com.mysql.jdbc.SQLError.createSQLException(SQLError.java:1053)
	at com.mysql.jdbc.MysqlIO.checkErrorPacket(MysqlIO.java:4120)
	at com.mysql.jdbc.MysqlIO.checkErrorPacket(MysqlIO.java:4052)
	at com.mysql.jdbc.MysqlIO.sendCommand(MysqlIO.java:2503)
	at com.mysql.jdbc.MysqlIO.sqlQueryDirect(MysqlIO.java:2664)
	at com.mysql.jdbc.ConnectionImpl.execSQL(ConnectionImpl.java:2794)
	at com.mysql.jdbc.PreparedStatement.executeInternal(PreparedStatement.java:2155)
	at com.mysql.jdbc.PreparedStatement.executeQuery(PreparedStatement.java:2322)
	at LSubProces.DRunSelctOne.excute(DRunSelctOne.java:50)
	at Proses.Penjualan.setStok(Penjualan.java:1510)
	at Proses.Penjualan.JCNamaBarangFocusLost(Penjualan.java:937)
	at Proses.Penjualan.access$1100(Penjualan.java:56)
	at Proses.Penjualan$12.focusLost(Penjualan.java:483)
	at java.awt.AWTEventMulticaster.focusLost(AWTEventMulticaster.java:230)
	at java.awt.Component.processFocusEvent(Component.java:6425)
	at java.awt.Component.processEvent(Component.java:6289)
	at java.awt.Container.processEvent(Container.java:2236)
	at java.awt.Component.dispatchEventImpl(Component.java:4889)
	at java.awt.Container.dispatchEventImpl(Container.java:2294)
	at java.awt.Component.dispatchEvent(Component.java:4711)
	at java.awt.KeyboardFocusManager.redispatchEvent(KeyboardFocusManager.java:1954)
	at java.awt.DefaultKeyboardFocusManager.typeAheadAssertions(DefaultKeyboardFocusManager.java:995)
	at java.awt.DefaultKeyboardFocusManager.dispatchEvent(DefaultKeyboardFocusManager.java:661)
	at java.awt.Component.dispatchEventImpl(Component.java:4760)
	at java.awt.Container.dispatchEventImpl(Container.java:2294)
	at java.awt.Component.dispatchEvent(Component.java:4711)
	at java.awt.EventQueue.dispatchEventImpl(EventQueue.java:758)
	at java.awt.EventQueue.access$500(EventQueue.java:97)
	at java.awt.EventQueue$3.run(EventQueue.java:709)
	at java.awt.EventQueue$3.run(EventQueue.java:703)
	at java.security.AccessController.doPrivileged(Native Method)
	at java.security.ProtectionDomain$JavaSecurityAccessImpl.doIntersectionPrivilege(ProtectionDomain.java:76)
	at java.security.ProtectionDomain$JavaSecurityAccessImpl.doIntersectionPrivilege(ProtectionDomain.java:86)
	at java.awt.EventQueue$4.run(EventQueue.java:731)
	at java.awt.EventQueue$4.run(EventQueue.java:729)
	at java.security.AccessController.doPrivileged(Native Method)
	at java.security.ProtectionDomain$JavaSecurityAccessImpl.doIntersectionPrivilege(ProtectionDomain.java:76)
	at java.awt.EventQueue.dispatchEvent(EventQueue.java:728)
	at java.awt.EventDispatchThread.pumpOneEventForFilters(EventDispatchThread.java:201)
	at java.awt.EventDispatchThread.pumpEventsForFilter(EventDispatchThread.java:116)
	at java.awt.EventDispatchThread.pumpEventsForHierarchy(EventDispatchThread.java:105)
	at java.awt.EventDispatchThread.pumpEvents(EventDispatchThread.java:101)
	at java.awt.EventDispatchThread.pumpEvents(EventDispatchThread.java:93)
	at java.awt.EventDispatchThread.run(EventDispatchThread.java:82)

==============================================================

==============================================================
STRING = com.mysql.jdbc.JDBC4PreparedStatement@762dbebb: SELECT `IdBarang`, `NamaBarang`, SUM(`Stok`) as 'Stok' FROM (
SELECT a.`IdBarang`, `NamaBarang`, `NettoPelita` AS 'Stok', 'Penerimaan' as 'Keterangan' FROM `tbpenerimaan`a JOIN `tbmbarang`b ON a.`IdBarang`=b.`IdBarang` WHERE `NamaBarang` = 'G. KASAR NON YOD BAHAN'
UNION ALL
SELECT a.`IdBarang`, `NamaBarang`, `Jumlah`*-1 AS 'Stok', 'Penjualan' as 'Keterangan' FROM `tbpenjualandetail`a JOIN `tbmbarang`b ON a.`IdBarang`=b.`IdBarang` WHERE `NamaBarang` = 'G. KASAR NON YOD BAHAN'
UNION ALL
SELECT  `IdBarangBahan`, `NamaBarang`, IF(`IdJenisBarang`=2, `JumlahBahan`*-1*`Satuan`, `JumlahBahan`*-1), 'Bahan Poles' as 'Keterangan' FROM `tbpacking`a JOIN `tbmbarang`b ON a.`IdBarangBahan`=b.`IdBarang` WHERE `NamaBarang` = 'G. KASAR NON YOD BAHAN'
UNION ALL
SELECT  `IdBarangHasil`, `NamaBarang`, IF(`IdJenisBarang`=2, `JumlahHasil`*`Satuan`, `JumlahHasil`), 'Hasil Poles' as 'Keterangan' FROM `tbpacking`a JOIN `tbmbarang`b ON a.`IdBarangHasil`=b.`IdBarang` WHERE `NamaBarang` = 'G. KASAR NON YOD BAHAN'
UNION ALL
SELECT `IdBarang`, `NamaBarang` `Penyesuaian` as 'Stok', 'Penyesuaian' as 'Keterangan' FROM `tbpenyesuaian`a JOIN `tbmbarang`b ON a.`IdBarang`=b.`IdBarang` WHERE `NamaBarang` = 'G. KASAR NON YOD BAHAN'
) as tbTemp GROUP BY `NamaBarang`
    ORDER BY `IdBarang` ASC, `Keterangan` DESC LIMIT 1
==============================================================

==============================================================
com.mysql.jdbc.exceptions.jdbc4.MySQLSyntaxErrorException: You have an error in your SQL syntax; check the manual that corresponds to your MySQL server version for the right syntax to use near 'as 'Stok', 'Penyesuaian' as 'Keterangan' FROM `tbpenyesuaian`a JOIN `tbmbarang`b' at line 10
	at sun.reflect.NativeConstructorAccessorImpl.newInstance0(Native Method)
	at sun.reflect.NativeConstructorAccessorImpl.newInstance(NativeConstructorAccessorImpl.java:62)
	at sun.reflect.DelegatingConstructorAccessorImpl.newInstance(DelegatingConstructorAccessorImpl.java:45)
	at java.lang.reflect.Constructor.newInstance(Constructor.java:423)
	at com.mysql.jdbc.Util.handleNewInstance(Util.java:411)
	at com.mysql.jdbc.Util.getInstance(Util.java:386)
	at com.mysql.jdbc.SQLError.createSQLException(SQLError.java:1053)
	at com.mysql.jdbc.MysqlIO.checkErrorPacket(MysqlIO.java:4120)
	at com.mysql.jdbc.MysqlIO.checkErrorPacket(MysqlIO.java:4052)
	at com.mysql.jdbc.MysqlIO.sendCommand(MysqlIO.java:2503)
	at com.mysql.jdbc.MysqlIO.sqlQueryDirect(MysqlIO.java:2664)
	at com.mysql.jdbc.ConnectionImpl.execSQL(ConnectionImpl.java:2794)
	at com.mysql.jdbc.PreparedStatement.executeInternal(PreparedStatement.java:2155)
	at com.mysql.jdbc.PreparedStatement.executeQuery(PreparedStatement.java:2322)
	at LSubProces.DRunSelctOne.excute(DRunSelctOne.java:50)
	at Proses.Penjualan.setStok(Penjualan.java:1522)
	at Proses.Penjualan.JCNamaBarangFocusLost(Penjualan.java:937)
	at Proses.Penjualan.access$1100(Penjualan.java:56)
	at Proses.Penjualan$12.focusLost(Penjualan.java:483)
	at java.awt.AWTEventMulticaster.focusLost(AWTEventMulticaster.java:230)
	at java.awt.Component.processFocusEvent(Component.java:6425)
	at java.awt.Component.processEvent(Component.java:6289)
	at java.awt.Container.processEvent(Container.java:2236)
	at java.awt.Component.dispatchEventImpl(Component.java:4889)
	at java.awt.Container.dispatchEventImpl(Container.java:2294)
	at java.awt.Component.dispatchEvent(Component.java:4711)
	at java.awt.KeyboardFocusManager.redispatchEvent(KeyboardFocusManager.java:1954)
	at java.awt.DefaultKeyboardFocusManager.typeAheadAssertions(DefaultKeyboardFocusManager.java:995)
	at java.awt.DefaultKeyboardFocusManager.dispatchEvent(DefaultKeyboardFocusManager.java:661)
	at java.awt.Component.dispatchEventImpl(Component.java:4760)
	at java.awt.Container.dispatchEventImpl(Container.java:2294)
	at java.awt.Component.dispatchEvent(Component.java:4711)
	at java.awt.EventQueue.dispatchEventImpl(EventQueue.java:758)
	at java.awt.EventQueue.access$500(EventQueue.java:97)
	at java.awt.EventQueue$3.run(EventQueue.java:709)
	at java.awt.EventQueue$3.run(EventQueue.java:703)
	at java.security.AccessController.doPrivileged(Native Method)
	at java.security.ProtectionDomain$JavaSecurityAccessImpl.doIntersectionPrivilege(ProtectionDomain.java:76)
	at java.security.ProtectionDomain$JavaSecurityAccessImpl.doIntersectionPrivilege(ProtectionDomain.java:86)
	at java.awt.EventQueue$4.run(EventQueue.java:731)
	at java.awt.EventQueue$4.run(EventQueue.java:729)
	at java.security.AccessController.doPrivileged(Native Method)
	at java.security.ProtectionDomain$JavaSecurityAccessImpl.doIntersectionPrivilege(ProtectionDomain.java:76)
	at java.awt.EventQueue.dispatchEvent(EventQueue.java:728)
	at java.awt.EventDispatchThread.pumpOneEventForFilters(EventDispatchThread.java:201)
	at java.awt.EventDispatchThread.pumpEventsForFilter(EventDispatchThread.java:116)
	at java.awt.EventDispatchThread.pumpEventsForHierarchy(EventDispatchThread.java:105)
	at java.awt.EventDispatchThread.pumpEvents(EventDispatchThread.java:101)
	at java.awt.EventDispatchThread.pumpEvents(EventDispatchThread.java:93)
	at java.awt.EventDispatchThread.run(EventDispatchThread.java:82)

==============================================================

==============================================================
STRING = com.mysql.jdbc.JDBC4PreparedStatement@762dbebb: SELECT `IdBarang`, `NamaBarang`, SUM(`Stok`) as 'Stok' FROM (
SELECT a.`IdBarang`, `NamaBarang`, `NettoPelita` AS 'Stok', 'Penerimaan' as 'Keterangan' FROM `tbpenerimaan`a JOIN `tbmbarang`b ON a.`IdBarang`=b.`IdBarang` WHERE `NamaBarang` = 'G. KASAR NON YOD BAHAN'
UNION ALL
SELECT a.`IdBarang`, `NamaBarang`, `Jumlah`*-1 AS 'Stok', 'Penjualan' as 'Keterangan' FROM `tbpenjualandetail`a JOIN `tbmbarang`b ON a.`IdBarang`=b.`IdBarang` WHERE `NamaBarang` = 'G. KASAR NON YOD BAHAN'
UNION ALL
SELECT  `IdBarangBahan`, `NamaBarang`, IF(`IdJenisBarang`=2, `JumlahBahan`*-1*`Satuan`, `JumlahBahan`*-1), 'Bahan Poles' as 'Keterangan' FROM `tbpacking`a JOIN `tbmbarang`b ON a.`IdBarangBahan`=b.`IdBarang` WHERE `NamaBarang` = 'G. KASAR NON YOD BAHAN'
UNION ALL
SELECT  `IdBarangHasil`, `NamaBarang`, IF(`IdJenisBarang`=2, `JumlahHasil`*`Satuan`, `JumlahHasil`), 'Hasil Poles' as 'Keterangan' FROM `tbpacking`a JOIN `tbmbarang`b ON a.`IdBarangHasil`=b.`IdBarang` WHERE `NamaBarang` = 'G. KASAR NON YOD BAHAN'
UNION ALL
SELECT `IdBarang`, `NamaBarang`, `Penyesuaian` as 'Stok', 'Penyesuaian' as 'Keterangan' FROM `tbpenyesuaian`a JOIN `tbmbarang`b ON a.`IdBarang`=b.`IdBarang` WHERE `NamaBarang` = 'G. KASAR NON YOD BAHAN'
) as tbTemp GROUP BY `NamaBarang`
    ORDER BY `IdBarang` ASC, `Keterangan` DESC LIMIT 1
==============================================================

==============================================================
com.mysql.jdbc.exceptions.jdbc4.MySQLIntegrityConstraintViolationException: Column 'IdBarang' in field list is ambiguous
	at sun.reflect.NativeConstructorAccessorImpl.newInstance0(Native Method)
	at sun.reflect.NativeConstructorAccessorImpl.newInstance(NativeConstructorAccessorImpl.java:62)
	at sun.reflect.DelegatingConstructorAccessorImpl.newInstance(DelegatingConstructorAccessorImpl.java:45)
	at java.lang.reflect.Constructor.newInstance(Constructor.java:423)
	at com.mysql.jdbc.Util.handleNewInstance(Util.java:411)
	at com.mysql.jdbc.Util.getInstance(Util.java:386)
	at com.mysql.jdbc.SQLError.createSQLException(SQLError.java:1040)
	at com.mysql.jdbc.MysqlIO.checkErrorPacket(MysqlIO.java:4120)
	at com.mysql.jdbc.MysqlIO.checkErrorPacket(MysqlIO.java:4052)
	at com.mysql.jdbc.MysqlIO.sendCommand(MysqlIO.java:2503)
	at com.mysql.jdbc.MysqlIO.sqlQueryDirect(MysqlIO.java:2664)
	at com.mysql.jdbc.ConnectionImpl.execSQL(ConnectionImpl.java:2794)
	at com.mysql.jdbc.PreparedStatement.executeInternal(PreparedStatement.java:2155)
	at com.mysql.jdbc.PreparedStatement.executeQuery(PreparedStatement.java:2322)
	at LSubProces.DRunSelctOne.excute(DRunSelctOne.java:50)
	at Proses.Penjualan.setStok(Penjualan.java:1522)
	at Proses.Penjualan.JCNamaBarangFocusLost(Penjualan.java:937)
	at Proses.Penjualan.access$1100(Penjualan.java:56)
	at Proses.Penjualan$12.focusLost(Penjualan.java:483)
	at java.awt.AWTEventMulticaster.focusLost(AWTEventMulticaster.java:230)
	at java.awt.Component.processFocusEvent(Component.java:6425)
	at java.awt.Component.processEvent(Component.java:6289)
	at java.awt.Container.processEvent(Container.java:2236)
	at java.awt.Component.dispatchEventImpl(Component.java:4889)
	at java.awt.Container.dispatchEventImpl(Container.java:2294)
	at java.awt.Component.dispatchEvent(Component.java:4711)
	at java.awt.KeyboardFocusManager.redispatchEvent(KeyboardFocusManager.java:1954)
	at java.awt.DefaultKeyboardFocusManager.typeAheadAssertions(DefaultKeyboardFocusManager.java:995)
	at java.awt.DefaultKeyboardFocusManager.dispatchEvent(DefaultKeyboardFocusManager.java:661)
	at java.awt.Component.dispatchEventImpl(Component.java:4760)
	at java.awt.Container.dispatchEventImpl(Container.java:2294)
	at java.awt.Component.dispatchEvent(Component.java:4711)
	at java.awt.EventQueue.dispatchEventImpl(EventQueue.java:758)
	at java.awt.EventQueue.access$500(EventQueue.java:97)
	at java.awt.EventQueue$3.run(EventQueue.java:709)
	at java.awt.EventQueue$3.run(EventQueue.java:703)
	at java.security.AccessController.doPrivileged(Native Method)
	at java.security.ProtectionDomain$JavaSecurityAccessImpl.doIntersectionPrivilege(ProtectionDomain.java:76)
	at java.security.ProtectionDomain$JavaSecurityAccessImpl.doIntersectionPrivilege(ProtectionDomain.java:86)
	at java.awt.EventQueue$4.run(EventQueue.java:731)
	at java.awt.EventQueue$4.run(EventQueue.java:729)
	at java.security.AccessController.doPrivileged(Native Method)
	at java.security.ProtectionDomain$JavaSecurityAccessImpl.doIntersectionPrivilege(ProtectionDomain.java:76)
	at java.awt.EventQueue.dispatchEvent(EventQueue.java:728)
	at java.awt.EventDispatchThread.pumpOneEventForFilters(EventDispatchThread.java:201)
	at java.awt.EventDispatchThread.pumpEventsForFilter(EventDispatchThread.java:116)
	at java.awt.EventDispatchThread.pumpEventsForHierarchy(EventDispatchThread.java:105)
	at java.awt.EventDispatchThread.pumpEvents(EventDispatchThread.java:101)
	at java.awt.EventDispatchThread.pumpEvents(EventDispatchThread.java:93)
	at java.awt.EventDispatchThread.run(EventDispatchThread.java:82)

==============================================================
