
==============================================================
java.text.ParseException: Unparseable date: ""
	at java.text.DateFormat.parse(DateFormat.java:366)
	at KomponenGUI.FDateF.strtodate(FDateF.java:32)
	at Proses.RekapPenggajianHarian.hitung(RekapPenggajianHarian.java:597)
	at Proses.RekapPenggajianHarian.JDTanggal1PropertyChange(RekapPenggajianHarian.java:455)
	at Proses.RekapPenggajianHarian.access$100(RekapPenggajianHarian.java:58)
	at Proses.RekapPenggajianHarian$2.propertyChange(RekapPenggajianHarian.java:213)
	at java.beans.PropertyChangeSupport.fire(PropertyChangeSupport.java:335)
	at java.beans.PropertyChangeSupport.firePropertyChange(PropertyChangeSupport.java:327)
	at java.beans.PropertyChangeSupport.firePropertyChange(PropertyChangeSupport.java:263)
	at java.awt.Component.firePropertyChange(Component.java:8428)
	at javax.swing.JComponent.addNotify(JComponent.java:4741)
	at java.awt.Container.addNotify(Container.java:2773)
	at javax.swing.JComponent.addNotify(JComponent.java:4740)
	at java.awt.Container.addNotify(Container.java:2773)
	at javax.swing.JComponent.addNotify(JComponent.java:4740)
	at java.awt.Container.addNotify(Container.java:2773)
	at javax.swing.JComponent.addNotify(JComponent.java:4740)
	at javax.swing.JRootPane.addNotify(JRootPane.java:757)
	at java.awt.Container.addNotify(Container.java:2773)
	at java.awt.Window.addNotify(Window.java:770)
	at java.awt.Frame.addNotify(Frame.java:487)
	at java.awt.Window.pack(Window.java:807)
	at Proses.RekapPenggajianHarian.initComponents(RekapPenggajianHarian.java:443)
	at Proses.RekapPenggajianHarian.<init>(RekapPenggajianHarian.java:64)
	at File.MenuUtama.JMIProsesRekapPenggajianKaryawan1ActionPerformed(MenuUtama.java:787)
	at File.MenuUtama.access$2700(MenuUtama.java:16)
	at File.MenuUtama$28.actionPerformed(MenuUtama.java:358)
	at javax.swing.AbstractButton.fireActionPerformed(AbstractButton.java:2022)
	at javax.swing.AbstractButton$Handler.actionPerformed(AbstractButton.java:2348)
	at javax.swing.DefaultButtonModel.fireActionPerformed(DefaultButtonModel.java:402)
	at javax.swing.DefaultButtonModel.setPressed(DefaultButtonModel.java:259)
	at javax.swing.AbstractButton.doClick(AbstractButton.java:376)
	at javax.swing.plaf.basic.BasicMenuItemUI.doClick(BasicMenuItemUI.java:833)
	at javax.swing.plaf.basic.BasicMenuItemUI$Handler.mouseReleased(BasicMenuItemUI.java:877)
	at java.awt.Component.processMouseEvent(Component.java:6533)
	at javax.swing.JComponent.processMouseEvent(JComponent.java:3324)
	at java.awt.Component.processEvent(Component.java:6298)
	at java.awt.Container.processEvent(Container.java:2236)
	at java.awt.Component.dispatchEventImpl(Component.java:4889)
	at java.awt.Container.dispatchEventImpl(Container.java:2294)
	at java.awt.Component.dispatchEvent(Component.java:4711)
	at java.awt.LightweightDispatcher.retargetMouseEvent(Container.java:4888)
	at java.awt.LightweightDispatcher.processMouseEvent(Container.java:4525)
	at java.awt.LightweightDispatcher.dispatchEvent(Container.java:4466)
	at java.awt.Container.dispatchEventImpl(Container.java:2280)
	at java.awt.Window.dispatchEventImpl(Window.java:2746)
	at java.awt.Component.dispatchEvent(Component.java:4711)
	at java.awt.EventQueue.dispatchEventImpl(EventQueue.java:758)
	at java.awt.EventQueue.access$500(EventQueue.java:97)
	at java.awt.EventQueue$3.run(EventQueue.java:709)
	at java.awt.EventQueue$3.run(EventQueue.java:703)
	at java.security.AccessController.doPrivileged(Native Method)
	at java.security.ProtectionDomain$JavaSecurityAccessImpl.doIntersectionPrivilege(ProtectionDomain.java:80)
	at java.security.ProtectionDomain$JavaSecurityAccessImpl.doIntersectionPrivilege(ProtectionDomain.java:90)
	at java.awt.EventQueue$4.run(EventQueue.java:731)
	at java.awt.EventQueue$4.run(EventQueue.java:729)
	at java.security.AccessController.doPrivileged(Native Method)
	at java.security.ProtectionDomain$JavaSecurityAccessImpl.doIntersectionPrivilege(ProtectionDomain.java:80)
	at java.awt.EventQueue.dispatchEvent(EventQueue.java:728)
	at java.awt.EventDispatchThread.pumpOneEventForFilters(EventDispatchThread.java:201)
	at java.awt.EventDispatchThread.pumpEventsForFilter(EventDispatchThread.java:116)
	at java.awt.EventDispatchThread.pumpEventsForHierarchy(EventDispatchThread.java:105)
	at java.awt.EventDispatchThread.pumpEvents(EventDispatchThread.java:101)
	at java.awt.EventDispatchThread.pumpEvents(EventDispatchThread.java:93)
	at java.awt.EventDispatchThread.run(EventDispatchThread.java:82)

==============================================================

==============================================================
java.text.ParseException: Unparseable date: ""
	at java.text.DateFormat.parse(DateFormat.java:366)
	at KomponenGUI.FDateF.strtodate(FDateF.java:32)
	at Proses.RekapPenggajianHarian.hitung(RekapPenggajianHarian.java:597)
	at Proses.RekapPenggajianHarian.JDTanggal1PropertyChange(RekapPenggajianHarian.java:455)
	at Proses.RekapPenggajianHarian.access$100(RekapPenggajianHarian.java:58)
	at Proses.RekapPenggajianHarian$2.propertyChange(RekapPenggajianHarian.java:213)
	at java.beans.PropertyChangeSupport.fire(PropertyChangeSupport.java:335)
	at java.beans.PropertyChangeSupport.firePropertyChange(PropertyChangeSupport.java:327)
	at java.beans.PropertyChangeSupport.firePropertyChange(PropertyChangeSupport.java:263)
	at java.awt.Component.firePropertyChange(Component.java:8428)
	at javax.swing.JComponent.addNotify(JComponent.java:4741)
	at java.awt.Container.addNotify(Container.java:2773)
	at javax.swing.JComponent.addNotify(JComponent.java:4740)
	at java.awt.Container.addNotify(Container.java:2773)
	at javax.swing.JComponent.addNotify(JComponent.java:4740)
	at java.awt.Container.addNotify(Container.java:2773)
	at javax.swing.JComponent.addNotify(JComponent.java:4740)
	at javax.swing.JRootPane.addNotify(JRootPane.java:757)
	at java.awt.Container.addNotify(Container.java:2773)
	at java.awt.Window.addNotify(Window.java:770)
	at java.awt.Frame.addNotify(Frame.java:487)
	at java.awt.Window.pack(Window.java:807)
	at Proses.RekapPenggajianHarian.initComponents(RekapPenggajianHarian.java:443)
	at Proses.RekapPenggajianHarian.<init>(RekapPenggajianHarian.java:64)
	at File.MenuUtama.JMIProsesRekapPenggajianKaryawan1ActionPerformed(MenuUtama.java:787)
	at File.MenuUtama.access$2700(MenuUtama.java:16)
	at File.MenuUtama$28.actionPerformed(MenuUtama.java:358)
	at javax.swing.AbstractButton.fireActionPerformed(AbstractButton.java:2022)
	at javax.swing.AbstractButton$Handler.actionPerformed(AbstractButton.java:2348)
	at javax.swing.DefaultButtonModel.fireActionPerformed(DefaultButtonModel.java:402)
	at javax.swing.DefaultButtonModel.setPressed(DefaultButtonModel.java:259)
	at javax.swing.AbstractButton.doClick(AbstractButton.java:376)
	at javax.swing.plaf.basic.BasicMenuItemUI.doClick(BasicMenuItemUI.java:833)
	at javax.swing.plaf.basic.BasicMenuItemUI$Handler.mouseReleased(BasicMenuItemUI.java:877)
	at java.awt.Component.processMouseEvent(Component.java:6533)
	at javax.swing.JComponent.processMouseEvent(JComponent.java:3324)
	at java.awt.Component.processEvent(Component.java:6298)
	at java.awt.Container.processEvent(Container.java:2236)
	at java.awt.Component.dispatchEventImpl(Component.java:4889)
	at java.awt.Container.dispatchEventImpl(Container.java:2294)
	at java.awt.Component.dispatchEvent(Component.java:4711)
	at java.awt.LightweightDispatcher.retargetMouseEvent(Container.java:4888)
	at java.awt.LightweightDispatcher.processMouseEvent(Container.java:4525)
	at java.awt.LightweightDispatcher.dispatchEvent(Container.java:4466)
	at java.awt.Container.dispatchEventImpl(Container.java:2280)
	at java.awt.Window.dispatchEventImpl(Window.java:2746)
	at java.awt.Component.dispatchEvent(Component.java:4711)
	at java.awt.EventQueue.dispatchEventImpl(EventQueue.java:758)
	at java.awt.EventQueue.access$500(EventQueue.java:97)
	at java.awt.EventQueue$3.run(EventQueue.java:709)
	at java.awt.EventQueue$3.run(EventQueue.java:703)
	at java.security.AccessController.doPrivileged(Native Method)
	at java.security.ProtectionDomain$JavaSecurityAccessImpl.doIntersectionPrivilege(ProtectionDomain.java:80)
	at java.security.ProtectionDomain$JavaSecurityAccessImpl.doIntersectionPrivilege(ProtectionDomain.java:90)
	at java.awt.EventQueue$4.run(EventQueue.java:731)
	at java.awt.EventQueue$4.run(EventQueue.java:729)
	at java.security.AccessController.doPrivileged(Native Method)
	at java.security.ProtectionDomain$JavaSecurityAccessImpl.doIntersectionPrivilege(ProtectionDomain.java:80)
	at java.awt.EventQueue.dispatchEvent(EventQueue.java:728)
	at java.awt.EventDispatchThread.pumpOneEventForFilters(EventDispatchThread.java:201)
	at java.awt.EventDispatchThread.pumpEventsForFilter(EventDispatchThread.java:116)
	at java.awt.EventDispatchThread.pumpEventsForHierarchy(EventDispatchThread.java:105)
	at java.awt.EventDispatchThread.pumpEvents(EventDispatchThread.java:101)
	at java.awt.EventDispatchThread.pumpEvents(EventDispatchThread.java:93)
	at java.awt.EventDispatchThread.run(EventDispatchThread.java:82)

==============================================================

==============================================================
java.text.ParseException: Unparseable date: ""
	at java.text.DateFormat.parse(DateFormat.java:366)
	at KomponenGUI.FDateF.strtodate(FDateF.java:32)
	at Proses.RekapPenggajianHarian.hitung(RekapPenggajianHarian.java:597)
	at Proses.RekapPenggajianHarian.JDTanggal2PropertyChange(RekapPenggajianHarian.java:459)
	at Proses.RekapPenggajianHarian.access$300(RekapPenggajianHarian.java:58)
	at Proses.RekapPenggajianHarian$4.propertyChange(RekapPenggajianHarian.java:232)
	at java.beans.PropertyChangeSupport.fire(PropertyChangeSupport.java:335)
	at java.beans.PropertyChangeSupport.firePropertyChange(PropertyChangeSupport.java:327)
	at java.beans.PropertyChangeSupport.firePropertyChange(PropertyChangeSupport.java:263)
	at java.awt.Component.firePropertyChange(Component.java:8428)
	at javax.swing.JComponent.addNotify(JComponent.java:4741)
	at java.awt.Container.addNotify(Container.java:2773)
	at javax.swing.JComponent.addNotify(JComponent.java:4740)
	at java.awt.Container.addNotify(Container.java:2773)
	at javax.swing.JComponent.addNotify(JComponent.java:4740)
	at java.awt.Container.addNotify(Container.java:2773)
	at javax.swing.JComponent.addNotify(JComponent.java:4740)
	at javax.swing.JRootPane.addNotify(JRootPane.java:757)
	at java.awt.Container.addNotify(Container.java:2773)
	at java.awt.Window.addNotify(Window.java:770)
	at java.awt.Frame.addNotify(Frame.java:487)
	at java.awt.Window.pack(Window.java:807)
	at Proses.RekapPenggajianHarian.initComponents(RekapPenggajianHarian.java:443)
	at Proses.RekapPenggajianHarian.<init>(RekapPenggajianHarian.java:64)
	at File.MenuUtama.JMIProsesRekapPenggajianKaryawan1ActionPerformed(MenuUtama.java:787)
	at File.MenuUtama.access$2700(MenuUtama.java:16)
	at File.MenuUtama$28.actionPerformed(MenuUtama.java:358)
	at javax.swing.AbstractButton.fireActionPerformed(AbstractButton.java:2022)
	at javax.swing.AbstractButton$Handler.actionPerformed(AbstractButton.java:2348)
	at javax.swing.DefaultButtonModel.fireActionPerformed(DefaultButtonModel.java:402)
	at javax.swing.DefaultButtonModel.setPressed(DefaultButtonModel.java:259)
	at javax.swing.AbstractButton.doClick(AbstractButton.java:376)
	at javax.swing.plaf.basic.BasicMenuItemUI.doClick(BasicMenuItemUI.java:833)
	at javax.swing.plaf.basic.BasicMenuItemUI$Handler.mouseReleased(BasicMenuItemUI.java:877)
	at java.awt.Component.processMouseEvent(Component.java:6533)
	at javax.swing.JComponent.processMouseEvent(JComponent.java:3324)
	at java.awt.Component.processEvent(Component.java:6298)
	at java.awt.Container.processEvent(Container.java:2236)
	at java.awt.Component.dispatchEventImpl(Component.java:4889)
	at java.awt.Container.dispatchEventImpl(Container.java:2294)
	at java.awt.Component.dispatchEvent(Component.java:4711)
	at java.awt.LightweightDispatcher.retargetMouseEvent(Container.java:4888)
	at java.awt.LightweightDispatcher.processMouseEvent(Container.java:4525)
	at java.awt.LightweightDispatcher.dispatchEvent(Container.java:4466)
	at java.awt.Container.dispatchEventImpl(Container.java:2280)
	at java.awt.Window.dispatchEventImpl(Window.java:2746)
	at java.awt.Component.dispatchEvent(Component.java:4711)
	at java.awt.EventQueue.dispatchEventImpl(EventQueue.java:758)
	at java.awt.EventQueue.access$500(EventQueue.java:97)
	at java.awt.EventQueue$3.run(EventQueue.java:709)
	at java.awt.EventQueue$3.run(EventQueue.java:703)
	at java.security.AccessController.doPrivileged(Native Method)
	at java.security.ProtectionDomain$JavaSecurityAccessImpl.doIntersectionPrivilege(ProtectionDomain.java:80)
	at java.security.ProtectionDomain$JavaSecurityAccessImpl.doIntersectionPrivilege(ProtectionDomain.java:90)
	at java.awt.EventQueue$4.run(EventQueue.java:731)
	at java.awt.EventQueue$4.run(EventQueue.java:729)
	at java.security.AccessController.doPrivileged(Native Method)
	at java.security.ProtectionDomain$JavaSecurityAccessImpl.doIntersectionPrivilege(ProtectionDomain.java:80)
	at java.awt.EventQueue.dispatchEvent(EventQueue.java:728)
	at java.awt.EventDispatchThread.pumpOneEventForFilters(EventDispatchThread.java:201)
	at java.awt.EventDispatchThread.pumpEventsForFilter(EventDispatchThread.java:116)
	at java.awt.EventDispatchThread.pumpEventsForHierarchy(EventDispatchThread.java:105)
	at java.awt.EventDispatchThread.pumpEvents(EventDispatchThread.java:101)
	at java.awt.EventDispatchThread.pumpEvents(EventDispatchThread.java:93)
	at java.awt.EventDispatchThread.run(EventDispatchThread.java:82)

==============================================================

==============================================================
java.text.ParseException: Unparseable date: ""
	at java.text.DateFormat.parse(DateFormat.java:366)
	at KomponenGUI.FDateF.strtodate(FDateF.java:32)
	at Proses.RekapPenggajianHarian.hitung(RekapPenggajianHarian.java:597)
	at Proses.RekapPenggajianHarian.JDTanggal2PropertyChange(RekapPenggajianHarian.java:459)
	at Proses.RekapPenggajianHarian.access$300(RekapPenggajianHarian.java:58)
	at Proses.RekapPenggajianHarian$4.propertyChange(RekapPenggajianHarian.java:232)
	at java.beans.PropertyChangeSupport.fire(PropertyChangeSupport.java:335)
	at java.beans.PropertyChangeSupport.firePropertyChange(PropertyChangeSupport.java:327)
	at java.beans.PropertyChangeSupport.firePropertyChange(PropertyChangeSupport.java:263)
	at java.awt.Component.firePropertyChange(Component.java:8428)
	at javax.swing.JComponent.addNotify(JComponent.java:4741)
	at java.awt.Container.addNotify(Container.java:2773)
	at javax.swing.JComponent.addNotify(JComponent.java:4740)
	at java.awt.Container.addNotify(Container.java:2773)
	at javax.swing.JComponent.addNotify(JComponent.java:4740)
	at java.awt.Container.addNotify(Container.java:2773)
	at javax.swing.JComponent.addNotify(JComponent.java:4740)
	at javax.swing.JRootPane.addNotify(JRootPane.java:757)
	at java.awt.Container.addNotify(Container.java:2773)
	at java.awt.Window.addNotify(Window.java:770)
	at java.awt.Frame.addNotify(Frame.java:487)
	at java.awt.Window.pack(Window.java:807)
	at Proses.RekapPenggajianHarian.initComponents(RekapPenggajianHarian.java:443)
	at Proses.RekapPenggajianHarian.<init>(RekapPenggajianHarian.java:64)
	at File.MenuUtama.JMIProsesRekapPenggajianKaryawan1ActionPerformed(MenuUtama.java:787)
	at File.MenuUtama.access$2700(MenuUtama.java:16)
	at File.MenuUtama$28.actionPerformed(MenuUtama.java:358)
	at javax.swing.AbstractButton.fireActionPerformed(AbstractButton.java:2022)
	at javax.swing.AbstractButton$Handler.actionPerformed(AbstractButton.java:2348)
	at javax.swing.DefaultButtonModel.fireActionPerformed(DefaultButtonModel.java:402)
	at javax.swing.DefaultButtonModel.setPressed(DefaultButtonModel.java:259)
	at javax.swing.AbstractButton.doClick(AbstractButton.java:376)
	at javax.swing.plaf.basic.BasicMenuItemUI.doClick(BasicMenuItemUI.java:833)
	at javax.swing.plaf.basic.BasicMenuItemUI$Handler.mouseReleased(BasicMenuItemUI.java:877)
	at java.awt.Component.processMouseEvent(Component.java:6533)
	at javax.swing.JComponent.processMouseEvent(JComponent.java:3324)
	at java.awt.Component.processEvent(Component.java:6298)
	at java.awt.Container.processEvent(Container.java:2236)
	at java.awt.Component.dispatchEventImpl(Component.java:4889)
	at java.awt.Container.dispatchEventImpl(Container.java:2294)
	at java.awt.Component.dispatchEvent(Component.java:4711)
	at java.awt.LightweightDispatcher.retargetMouseEvent(Container.java:4888)
	at java.awt.LightweightDispatcher.processMouseEvent(Container.java:4525)
	at java.awt.LightweightDispatcher.dispatchEvent(Container.java:4466)
	at java.awt.Container.dispatchEventImpl(Container.java:2280)
	at java.awt.Window.dispatchEventImpl(Window.java:2746)
	at java.awt.Component.dispatchEvent(Component.java:4711)
	at java.awt.EventQueue.dispatchEventImpl(EventQueue.java:758)
	at java.awt.EventQueue.access$500(EventQueue.java:97)
	at java.awt.EventQueue$3.run(EventQueue.java:709)
	at java.awt.EventQueue$3.run(EventQueue.java:703)
	at java.security.AccessController.doPrivileged(Native Method)
	at java.security.ProtectionDomain$JavaSecurityAccessImpl.doIntersectionPrivilege(ProtectionDomain.java:80)
	at java.security.ProtectionDomain$JavaSecurityAccessImpl.doIntersectionPrivilege(ProtectionDomain.java:90)
	at java.awt.EventQueue$4.run(EventQueue.java:731)
	at java.awt.EventQueue$4.run(EventQueue.java:729)
	at java.security.AccessController.doPrivileged(Native Method)
	at java.security.ProtectionDomain$JavaSecurityAccessImpl.doIntersectionPrivilege(ProtectionDomain.java:80)
	at java.awt.EventQueue.dispatchEvent(EventQueue.java:728)
	at java.awt.EventDispatchThread.pumpOneEventForFilters(EventDispatchThread.java:201)
	at java.awt.EventDispatchThread.pumpEventsForFilter(EventDispatchThread.java:116)
	at java.awt.EventDispatchThread.pumpEventsForHierarchy(EventDispatchThread.java:105)
	at java.awt.EventDispatchThread.pumpEvents(EventDispatchThread.java:101)
	at java.awt.EventDispatchThread.pumpEvents(EventDispatchThread.java:93)
	at java.awt.EventDispatchThread.run(EventDispatchThread.java:82)

==============================================================

==============================================================
java.text.ParseException: Unparseable date: ""
	at java.text.DateFormat.parse(DateFormat.java:366)
	at KomponenGUI.FDateF.strtodate(FDateF.java:32)
	at Proses.RekapPenggajianHarian.hitung(RekapPenggajianHarian.java:597)
	at Proses.RekapPenggajianHarian.JDTanggal2PropertyChange(RekapPenggajianHarian.java:459)
	at Proses.RekapPenggajianHarian.access$300(RekapPenggajianHarian.java:58)
	at Proses.RekapPenggajianHarian$4.propertyChange(RekapPenggajianHarian.java:232)
	at java.beans.PropertyChangeSupport.fire(PropertyChangeSupport.java:335)
	at java.beans.PropertyChangeSupport.firePropertyChange(PropertyChangeSupport.java:327)
	at java.beans.PropertyChangeSupport.firePropertyChange(PropertyChangeSupport.java:263)
	at java.awt.Component.firePropertyChange(Component.java:8428)
	at javax.swing.JComponent.removeNotify(JComponent.java:4762)
	at java.awt.Container.removeNotify(Container.java:2804)
	at javax.swing.JComponent.removeNotify(JComponent.java:4758)
	at java.awt.Container.removeNotify(Container.java:2804)
	at javax.swing.JComponent.removeNotify(JComponent.java:4758)
	at java.awt.Container.removeNotify(Container.java:2804)
	at javax.swing.JComponent.removeNotify(JComponent.java:4758)
	at javax.swing.JRootPane.removeNotify(JRootPane.java:765)
	at java.awt.Container.removeNotify(Container.java:2804)
	at java.awt.Window.removeNotify(Window.java:782)
	at java.awt.Frame.removeNotify(Frame.java:1041)
	at java.awt.Window$1DisposeAction.run(Window.java:1190)
	at java.awt.Window.doDispose(Window.java:1206)
	at java.awt.Window.dispose(Window.java:1147)
	at javax.swing.JFrame.processWindowEvent(JFrame.java:313)
	at java.awt.Window.processEvent(Window.java:2013)
	at java.awt.Component.dispatchEventImpl(Component.java:4889)
	at java.awt.Container.dispatchEventImpl(Container.java:2294)
	at java.awt.Window.dispatchEventImpl(Window.java:2746)
	at java.awt.Component.dispatchEvent(Component.java:4711)
	at com.jtattoo.plaf.BaseTitlePane.close(BaseTitlePane.java:295)
	at com.jtattoo.plaf.BaseTitlePane$CloseAction.actionPerformed(BaseTitlePane.java:581)
	at javax.swing.AbstractButton.fireActionPerformed(AbstractButton.java:2022)
	at javax.swing.AbstractButton$Handler.actionPerformed(AbstractButton.java:2348)
	at javax.swing.DefaultButtonModel.fireActionPerformed(DefaultButtonModel.java:402)
	at javax.swing.DefaultButtonModel.setPressed(DefaultButtonModel.java:259)
	at javax.swing.plaf.basic.BasicButtonListener.mouseReleased(BasicButtonListener.java:252)
	at com.jtattoo.plaf.BaseButtonListener.mouseReleased(BaseButtonListener.java:60)
	at java.awt.Component.processMouseEvent(Component.java:6533)
	at javax.swing.JComponent.processMouseEvent(JComponent.java:3324)
	at java.awt.Component.processEvent(Component.java:6298)
	at java.awt.Container.processEvent(Container.java:2236)
	at java.awt.Component.dispatchEventImpl(Component.java:4889)
	at java.awt.Container.dispatchEventImpl(Container.java:2294)
	at java.awt.Component.dispatchEvent(Component.java:4711)
	at java.awt.LightweightDispatcher.retargetMouseEvent(Container.java:4888)
	at java.awt.LightweightDispatcher.processMouseEvent(Container.java:4525)
	at java.awt.LightweightDispatcher.dispatchEvent(Container.java:4466)
	at java.awt.Container.dispatchEventImpl(Container.java:2280)
	at java.awt.Window.dispatchEventImpl(Window.java:2746)
	at java.awt.Component.dispatchEvent(Component.java:4711)
	at java.awt.EventQueue.dispatchEventImpl(EventQueue.java:758)
	at java.awt.EventQueue.access$500(EventQueue.java:97)
	at java.awt.EventQueue$3.run(EventQueue.java:709)
	at java.awt.EventQueue$3.run(EventQueue.java:703)
	at java.security.AccessController.doPrivileged(Native Method)
	at java.security.ProtectionDomain$JavaSecurityAccessImpl.doIntersectionPrivilege(ProtectionDomain.java:80)
	at java.security.ProtectionDomain$JavaSecurityAccessImpl.doIntersectionPrivilege(ProtectionDomain.java:90)
	at java.awt.EventQueue$4.run(EventQueue.java:731)
	at java.awt.EventQueue$4.run(EventQueue.java:729)
	at java.security.AccessController.doPrivileged(Native Method)
	at java.security.ProtectionDomain$JavaSecurityAccessImpl.doIntersectionPrivilege(ProtectionDomain.java:80)
	at java.awt.EventQueue.dispatchEvent(EventQueue.java:728)
	at java.awt.EventDispatchThread.pumpOneEventForFilters(EventDispatchThread.java:201)
	at java.awt.EventDispatchThread.pumpEventsForFilter(EventDispatchThread.java:116)
	at java.awt.EventDispatchThread.pumpEventsForHierarchy(EventDispatchThread.java:105)
	at java.awt.EventDispatchThread.pumpEvents(EventDispatchThread.java:101)
	at java.awt.EventDispatchThread.pumpEvents(EventDispatchThread.java:93)
	at java.awt.EventDispatchThread.run(EventDispatchThread.java:82)

==============================================================

==============================================================
java.text.ParseException: Unparseable date: ""
	at java.text.DateFormat.parse(DateFormat.java:366)
	at KomponenGUI.FDateF.strtodate(FDateF.java:32)
	at Proses.RekapPenggajianHarian.hitung(RekapPenggajianHarian.java:597)
	at Proses.RekapPenggajianHarian.JDTanggal2PropertyChange(RekapPenggajianHarian.java:459)
	at Proses.RekapPenggajianHarian.access$300(RekapPenggajianHarian.java:58)
	at Proses.RekapPenggajianHarian$4.propertyChange(RekapPenggajianHarian.java:232)
	at java.beans.PropertyChangeSupport.fire(PropertyChangeSupport.java:335)
	at java.beans.PropertyChangeSupport.firePropertyChange(PropertyChangeSupport.java:327)
	at java.beans.PropertyChangeSupport.firePropertyChange(PropertyChangeSupport.java:263)
	at java.awt.Component.firePropertyChange(Component.java:8428)
	at javax.swing.JComponent.removeNotify(JComponent.java:4762)
	at java.awt.Container.removeNotify(Container.java:2804)
	at javax.swing.JComponent.removeNotify(JComponent.java:4758)
	at java.awt.Container.removeNotify(Container.java:2804)
	at javax.swing.JComponent.removeNotify(JComponent.java:4758)
	at java.awt.Container.removeNotify(Container.java:2804)
	at javax.swing.JComponent.removeNotify(JComponent.java:4758)
	at javax.swing.JRootPane.removeNotify(JRootPane.java:765)
	at java.awt.Container.removeNotify(Container.java:2804)
	at java.awt.Window.removeNotify(Window.java:782)
	at java.awt.Frame.removeNotify(Frame.java:1041)
	at java.awt.Window$1DisposeAction.run(Window.java:1190)
	at java.awt.Window.doDispose(Window.java:1206)
	at java.awt.Window.dispose(Window.java:1147)
	at javax.swing.JFrame.processWindowEvent(JFrame.java:313)
	at java.awt.Window.processEvent(Window.java:2013)
	at java.awt.Component.dispatchEventImpl(Component.java:4889)
	at java.awt.Container.dispatchEventImpl(Container.java:2294)
	at java.awt.Window.dispatchEventImpl(Window.java:2746)
	at java.awt.Component.dispatchEvent(Component.java:4711)
	at com.jtattoo.plaf.BaseTitlePane.close(BaseTitlePane.java:295)
	at com.jtattoo.plaf.BaseTitlePane$CloseAction.actionPerformed(BaseTitlePane.java:581)
	at javax.swing.AbstractButton.fireActionPerformed(AbstractButton.java:2022)
	at javax.swing.AbstractButton$Handler.actionPerformed(AbstractButton.java:2348)
	at javax.swing.DefaultButtonModel.fireActionPerformed(DefaultButtonModel.java:402)
	at javax.swing.DefaultButtonModel.setPressed(DefaultButtonModel.java:259)
	at javax.swing.plaf.basic.BasicButtonListener.mouseReleased(BasicButtonListener.java:252)
	at com.jtattoo.plaf.BaseButtonListener.mouseReleased(BaseButtonListener.java:60)
	at java.awt.Component.processMouseEvent(Component.java:6533)
	at javax.swing.JComponent.processMouseEvent(JComponent.java:3324)
	at java.awt.Component.processEvent(Component.java:6298)
	at java.awt.Container.processEvent(Container.java:2236)
	at java.awt.Component.dispatchEventImpl(Component.java:4889)
	at java.awt.Container.dispatchEventImpl(Container.java:2294)
	at java.awt.Component.dispatchEvent(Component.java:4711)
	at java.awt.LightweightDispatcher.retargetMouseEvent(Container.java:4888)
	at java.awt.LightweightDispatcher.processMouseEvent(Container.java:4525)
	at java.awt.LightweightDispatcher.dispatchEvent(Container.java:4466)
	at java.awt.Container.dispatchEventImpl(Container.java:2280)
	at java.awt.Window.dispatchEventImpl(Window.java:2746)
	at java.awt.Component.dispatchEvent(Component.java:4711)
	at java.awt.EventQueue.dispatchEventImpl(EventQueue.java:758)
	at java.awt.EventQueue.access$500(EventQueue.java:97)
	at java.awt.EventQueue$3.run(EventQueue.java:709)
	at java.awt.EventQueue$3.run(EventQueue.java:703)
	at java.security.AccessController.doPrivileged(Native Method)
	at java.security.ProtectionDomain$JavaSecurityAccessImpl.doIntersectionPrivilege(ProtectionDomain.java:80)
	at java.security.ProtectionDomain$JavaSecurityAccessImpl.doIntersectionPrivilege(ProtectionDomain.java:90)
	at java.awt.EventQueue$4.run(EventQueue.java:731)
	at java.awt.EventQueue$4.run(EventQueue.java:729)
	at java.security.AccessController.doPrivileged(Native Method)
	at java.security.ProtectionDomain$JavaSecurityAccessImpl.doIntersectionPrivilege(ProtectionDomain.java:80)
	at java.awt.EventQueue.dispatchEvent(EventQueue.java:728)
	at java.awt.EventDispatchThread.pumpOneEventForFilters(EventDispatchThread.java:201)
	at java.awt.EventDispatchThread.pumpEventsForFilter(EventDispatchThread.java:116)
	at java.awt.EventDispatchThread.pumpEventsForHierarchy(EventDispatchThread.java:105)
	at java.awt.EventDispatchThread.pumpEvents(EventDispatchThread.java:101)
	at java.awt.EventDispatchThread.pumpEvents(EventDispatchThread.java:93)
	at java.awt.EventDispatchThread.run(EventDispatchThread.java:82)

==============================================================

==============================================================
java.text.ParseException: Unparseable date: ""
	at java.text.DateFormat.parse(DateFormat.java:366)
	at KomponenGUI.FDateF.strtodate(FDateF.java:32)
	at Proses.RekapPenggajianHarian.hitung(RekapPenggajianHarian.java:597)
	at Proses.RekapPenggajianHarian.JDTanggal1PropertyChange(RekapPenggajianHarian.java:455)
	at Proses.RekapPenggajianHarian.access$100(RekapPenggajianHarian.java:58)
	at Proses.RekapPenggajianHarian$2.propertyChange(RekapPenggajianHarian.java:213)
	at java.beans.PropertyChangeSupport.fire(PropertyChangeSupport.java:335)
	at java.beans.PropertyChangeSupport.firePropertyChange(PropertyChangeSupport.java:327)
	at java.beans.PropertyChangeSupport.firePropertyChange(PropertyChangeSupport.java:263)
	at java.awt.Component.firePropertyChange(Component.java:8428)
	at javax.swing.JComponent.removeNotify(JComponent.java:4762)
	at java.awt.Container.removeNotify(Container.java:2804)
	at javax.swing.JComponent.removeNotify(JComponent.java:4758)
	at java.awt.Container.removeNotify(Container.java:2804)
	at javax.swing.JComponent.removeNotify(JComponent.java:4758)
	at java.awt.Container.removeNotify(Container.java:2804)
	at javax.swing.JComponent.removeNotify(JComponent.java:4758)
	at javax.swing.JRootPane.removeNotify(JRootPane.java:765)
	at java.awt.Container.removeNotify(Container.java:2804)
	at java.awt.Window.removeNotify(Window.java:782)
	at java.awt.Frame.removeNotify(Frame.java:1041)
	at java.awt.Window$1DisposeAction.run(Window.java:1190)
	at java.awt.Window.doDispose(Window.java:1206)
	at java.awt.Window.dispose(Window.java:1147)
	at javax.swing.JFrame.processWindowEvent(JFrame.java:313)
	at java.awt.Window.processEvent(Window.java:2013)
	at java.awt.Component.dispatchEventImpl(Component.java:4889)
	at java.awt.Container.dispatchEventImpl(Container.java:2294)
	at java.awt.Window.dispatchEventImpl(Window.java:2746)
	at java.awt.Component.dispatchEvent(Component.java:4711)
	at com.jtattoo.plaf.BaseTitlePane.close(BaseTitlePane.java:295)
	at com.jtattoo.plaf.BaseTitlePane$CloseAction.actionPerformed(BaseTitlePane.java:581)
	at javax.swing.AbstractButton.fireActionPerformed(AbstractButton.java:2022)
	at javax.swing.AbstractButton$Handler.actionPerformed(AbstractButton.java:2348)
	at javax.swing.DefaultButtonModel.fireActionPerformed(DefaultButtonModel.java:402)
	at javax.swing.DefaultButtonModel.setPressed(DefaultButtonModel.java:259)
	at javax.swing.plaf.basic.BasicButtonListener.mouseReleased(BasicButtonListener.java:252)
	at com.jtattoo.plaf.BaseButtonListener.mouseReleased(BaseButtonListener.java:60)
	at java.awt.Component.processMouseEvent(Component.java:6533)
	at javax.swing.JComponent.processMouseEvent(JComponent.java:3324)
	at java.awt.Component.processEvent(Component.java:6298)
	at java.awt.Container.processEvent(Container.java:2236)
	at java.awt.Component.dispatchEventImpl(Component.java:4889)
	at java.awt.Container.dispatchEventImpl(Container.java:2294)
	at java.awt.Component.dispatchEvent(Component.java:4711)
	at java.awt.LightweightDispatcher.retargetMouseEvent(Container.java:4888)
	at java.awt.LightweightDispatcher.processMouseEvent(Container.java:4525)
	at java.awt.LightweightDispatcher.dispatchEvent(Container.java:4466)
	at java.awt.Container.dispatchEventImpl(Container.java:2280)
	at java.awt.Window.dispatchEventImpl(Window.java:2746)
	at java.awt.Component.dispatchEvent(Component.java:4711)
	at java.awt.EventQueue.dispatchEventImpl(EventQueue.java:758)
	at java.awt.EventQueue.access$500(EventQueue.java:97)
	at java.awt.EventQueue$3.run(EventQueue.java:709)
	at java.awt.EventQueue$3.run(EventQueue.java:703)
	at java.security.AccessController.doPrivileged(Native Method)
	at java.security.ProtectionDomain$JavaSecurityAccessImpl.doIntersectionPrivilege(ProtectionDomain.java:80)
	at java.security.ProtectionDomain$JavaSecurityAccessImpl.doIntersectionPrivilege(ProtectionDomain.java:90)
	at java.awt.EventQueue$4.run(EventQueue.java:731)
	at java.awt.EventQueue$4.run(EventQueue.java:729)
	at java.security.AccessController.doPrivileged(Native Method)
	at java.security.ProtectionDomain$JavaSecurityAccessImpl.doIntersectionPrivilege(ProtectionDomain.java:80)
	at java.awt.EventQueue.dispatchEvent(EventQueue.java:728)
	at java.awt.EventDispatchThread.pumpOneEventForFilters(EventDispatchThread.java:201)
	at java.awt.EventDispatchThread.pumpEventsForFilter(EventDispatchThread.java:116)
	at java.awt.EventDispatchThread.pumpEventsForHierarchy(EventDispatchThread.java:105)
	at java.awt.EventDispatchThread.pumpEvents(EventDispatchThread.java:101)
	at java.awt.EventDispatchThread.pumpEvents(EventDispatchThread.java:93)
	at java.awt.EventDispatchThread.run(EventDispatchThread.java:82)

==============================================================

==============================================================
java.text.ParseException: Unparseable date: ""
	at java.text.DateFormat.parse(DateFormat.java:366)
	at KomponenGUI.FDateF.strtodate(FDateF.java:32)
	at Proses.RekapPenggajianHarian.hitung(RekapPenggajianHarian.java:597)
	at Proses.RekapPenggajianHarian.JDTanggal1PropertyChange(RekapPenggajianHarian.java:455)
	at Proses.RekapPenggajianHarian.access$100(RekapPenggajianHarian.java:58)
	at Proses.RekapPenggajianHarian$2.propertyChange(RekapPenggajianHarian.java:213)
	at java.beans.PropertyChangeSupport.fire(PropertyChangeSupport.java:335)
	at java.beans.PropertyChangeSupport.firePropertyChange(PropertyChangeSupport.java:327)
	at java.beans.PropertyChangeSupport.firePropertyChange(PropertyChangeSupport.java:263)
	at java.awt.Component.firePropertyChange(Component.java:8428)
	at javax.swing.JComponent.removeNotify(JComponent.java:4762)
	at java.awt.Container.removeNotify(Container.java:2804)
	at javax.swing.JComponent.removeNotify(JComponent.java:4758)
	at java.awt.Container.removeNotify(Container.java:2804)
	at javax.swing.JComponent.removeNotify(JComponent.java:4758)
	at java.awt.Container.removeNotify(Container.java:2804)
	at javax.swing.JComponent.removeNotify(JComponent.java:4758)
	at javax.swing.JRootPane.removeNotify(JRootPane.java:765)
	at java.awt.Container.removeNotify(Container.java:2804)
	at java.awt.Window.removeNotify(Window.java:782)
	at java.awt.Frame.removeNotify(Frame.java:1041)
	at java.awt.Window$1DisposeAction.run(Window.java:1190)
	at java.awt.Window.doDispose(Window.java:1206)
	at java.awt.Window.dispose(Window.java:1147)
	at javax.swing.JFrame.processWindowEvent(JFrame.java:313)
	at java.awt.Window.processEvent(Window.java:2013)
	at java.awt.Component.dispatchEventImpl(Component.java:4889)
	at java.awt.Container.dispatchEventImpl(Container.java:2294)
	at java.awt.Window.dispatchEventImpl(Window.java:2746)
	at java.awt.Component.dispatchEvent(Component.java:4711)
	at com.jtattoo.plaf.BaseTitlePane.close(BaseTitlePane.java:295)
	at com.jtattoo.plaf.BaseTitlePane$CloseAction.actionPerformed(BaseTitlePane.java:581)
	at javax.swing.AbstractButton.fireActionPerformed(AbstractButton.java:2022)
	at javax.swing.AbstractButton$Handler.actionPerformed(AbstractButton.java:2348)
	at javax.swing.DefaultButtonModel.fireActionPerformed(DefaultButtonModel.java:402)
	at javax.swing.DefaultButtonModel.setPressed(DefaultButtonModel.java:259)
	at javax.swing.plaf.basic.BasicButtonListener.mouseReleased(BasicButtonListener.java:252)
	at com.jtattoo.plaf.BaseButtonListener.mouseReleased(BaseButtonListener.java:60)
	at java.awt.Component.processMouseEvent(Component.java:6533)
	at javax.swing.JComponent.processMouseEvent(JComponent.java:3324)
	at java.awt.Component.processEvent(Component.java:6298)
	at java.awt.Container.processEvent(Container.java:2236)
	at java.awt.Component.dispatchEventImpl(Component.java:4889)
	at java.awt.Container.dispatchEventImpl(Container.java:2294)
	at java.awt.Component.dispatchEvent(Component.java:4711)
	at java.awt.LightweightDispatcher.retargetMouseEvent(Container.java:4888)
	at java.awt.LightweightDispatcher.processMouseEvent(Container.java:4525)
	at java.awt.LightweightDispatcher.dispatchEvent(Container.java:4466)
	at java.awt.Container.dispatchEventImpl(Container.java:2280)
	at java.awt.Window.dispatchEventImpl(Window.java:2746)
	at java.awt.Component.dispatchEvent(Component.java:4711)
	at java.awt.EventQueue.dispatchEventImpl(EventQueue.java:758)
	at java.awt.EventQueue.access$500(EventQueue.java:97)
	at java.awt.EventQueue$3.run(EventQueue.java:709)
	at java.awt.EventQueue$3.run(EventQueue.java:703)
	at java.security.AccessController.doPrivileged(Native Method)
	at java.security.ProtectionDomain$JavaSecurityAccessImpl.doIntersectionPrivilege(ProtectionDomain.java:80)
	at java.security.ProtectionDomain$JavaSecurityAccessImpl.doIntersectionPrivilege(ProtectionDomain.java:90)
	at java.awt.EventQueue$4.run(EventQueue.java:731)
	at java.awt.EventQueue$4.run(EventQueue.java:729)
	at java.security.AccessController.doPrivileged(Native Method)
	at java.security.ProtectionDomain$JavaSecurityAccessImpl.doIntersectionPrivilege(ProtectionDomain.java:80)
	at java.awt.EventQueue.dispatchEvent(EventQueue.java:728)
	at java.awt.EventDispatchThread.pumpOneEventForFilters(EventDispatchThread.java:201)
	at java.awt.EventDispatchThread.pumpEventsForFilter(EventDispatchThread.java:116)
	at java.awt.EventDispatchThread.pumpEventsForHierarchy(EventDispatchThread.java:105)
	at java.awt.EventDispatchThread.pumpEvents(EventDispatchThread.java:101)
	at java.awt.EventDispatchThread.pumpEvents(EventDispatchThread.java:93)
	at java.awt.EventDispatchThread.run(EventDispatchThread.java:82)

==============================================================

==============================================================
java.text.ParseException: Unparseable date: ""
	at java.text.DateFormat.parse(DateFormat.java:366)
	at KomponenGUI.FDateF.strtodate(FDateF.java:32)
	at Proses.RekapPenggajianHarian.hitung(RekapPenggajianHarian.java:597)
	at Proses.RekapPenggajianHarian.JDTanggal1PropertyChange(RekapPenggajianHarian.java:455)
	at Proses.RekapPenggajianHarian.access$100(RekapPenggajianHarian.java:58)
	at Proses.RekapPenggajianHarian$2.propertyChange(RekapPenggajianHarian.java:213)
	at java.beans.PropertyChangeSupport.fire(PropertyChangeSupport.java:335)
	at java.beans.PropertyChangeSupport.firePropertyChange(PropertyChangeSupport.java:327)
	at java.beans.PropertyChangeSupport.firePropertyChange(PropertyChangeSupport.java:263)
	at java.awt.Component.firePropertyChange(Component.java:8428)
	at com.toedter.calendar.JDateChooser.propertyChange(Unknown Source)
	at java.beans.PropertyChangeSupport.fire(PropertyChangeSupport.java:335)
	at java.beans.PropertyChangeSupport.firePropertyChange(PropertyChangeSupport.java:328)
	at java.beans.PropertyChangeSupport.firePropertyChange(PropertyChangeSupport.java:263)
	at java.awt.Component.firePropertyChange(Component.java:8428)
	at com.toedter.calendar.JTextFieldDateEditor.setDate(Unknown Source)
	at com.toedter.calendar.JTextFieldDateEditor.checkText(Unknown Source)
	at com.toedter.calendar.JTextFieldDateEditor.focusLost(Unknown Source)
	at java.awt.AWTEventMulticaster.focusLost(AWTEventMulticaster.java:230)
	at java.awt.Component.processFocusEvent(Component.java:6425)
	at javax.swing.JFormattedTextField.processFocusEvent(JFormattedTextField.java:612)
	at java.awt.Component.processEvent(Component.java:6289)
	at java.awt.Container.processEvent(Container.java:2236)
	at java.awt.Component.dispatchEventImpl(Component.java:4889)
	at java.awt.Container.dispatchEventImpl(Container.java:2294)
	at java.awt.Component.dispatchEvent(Component.java:4711)
	at java.awt.KeyboardFocusManager.redispatchEvent(KeyboardFocusManager.java:1954)
	at java.awt.DefaultKeyboardFocusManager.typeAheadAssertions(DefaultKeyboardFocusManager.java:995)
	at java.awt.DefaultKeyboardFocusManager.dispatchEvent(DefaultKeyboardFocusManager.java:661)
	at java.awt.Component.dispatchEventImpl(Component.java:4760)
	at java.awt.Container.dispatchEventImpl(Container.java:2294)
	at java.awt.Component.dispatchEvent(Component.java:4711)
	at sun.awt.SunToolkit$1.run(SunToolkit.java:518)
	at java.awt.event.InvocationEvent.dispatch(InvocationEvent.java:311)
	at java.awt.EventQueue.dispatchEventImpl(EventQueue.java:756)
	at java.awt.EventQueue.access$500(EventQueue.java:97)
	at java.awt.EventQueue$3.run(EventQueue.java:709)
	at java.awt.EventQueue$3.run(EventQueue.java:703)
	at java.security.AccessController.doPrivileged(Native Method)
	at java.security.ProtectionDomain$JavaSecurityAccessImpl.doIntersectionPrivilege(ProtectionDomain.java:80)
	at java.awt.EventQueue.dispatchEvent(EventQueue.java:726)
	at java.awt.EventDispatchThread.pumpOneEventForFilters(EventDispatchThread.java:201)
	at java.awt.EventDispatchThread.pumpEventsForFilter(EventDispatchThread.java:116)
	at java.awt.EventDispatchThread.pumpEventsForHierarchy(EventDispatchThread.java:105)
	at java.awt.EventDispatchThread.pumpEvents(EventDispatchThread.java:101)
	at java.awt.EventDispatchThread.pumpEvents(EventDispatchThread.java:93)
	at java.awt.EventDispatchThread.run(EventDispatchThread.java:82)

==============================================================

==============================================================
java.text.ParseException: Unparseable date: ""
	at java.text.DateFormat.parse(DateFormat.java:366)
	at KomponenGUI.FDateF.strtodate(FDateF.java:32)
	at Proses.RekapPenggajianHarian.hitung(RekapPenggajianHarian.java:597)
	at Proses.RekapPenggajianHarian.JDTanggal1PropertyChange(RekapPenggajianHarian.java:455)
	at Proses.RekapPenggajianHarian.access$100(RekapPenggajianHarian.java:58)
	at Proses.RekapPenggajianHarian$2.propertyChange(RekapPenggajianHarian.java:213)
	at java.beans.PropertyChangeSupport.fire(PropertyChangeSupport.java:335)
	at java.beans.PropertyChangeSupport.firePropertyChange(PropertyChangeSupport.java:327)
	at java.beans.PropertyChangeSupport.firePropertyChange(PropertyChangeSupport.java:263)
	at java.awt.Component.firePropertyChange(Component.java:8428)
	at com.toedter.calendar.JDateChooser.propertyChange(Unknown Source)
	at java.beans.PropertyChangeSupport.fire(PropertyChangeSupport.java:335)
	at java.beans.PropertyChangeSupport.firePropertyChange(PropertyChangeSupport.java:328)
	at java.beans.PropertyChangeSupport.firePropertyChange(PropertyChangeSupport.java:263)
	at java.awt.Component.firePropertyChange(Component.java:8428)
	at com.toedter.calendar.JTextFieldDateEditor.setDate(Unknown Source)
	at com.toedter.calendar.JTextFieldDateEditor.checkText(Unknown Source)
	at com.toedter.calendar.JTextFieldDateEditor.focusLost(Unknown Source)
	at java.awt.AWTEventMulticaster.focusLost(AWTEventMulticaster.java:230)
	at java.awt.Component.processFocusEvent(Component.java:6425)
	at javax.swing.JFormattedTextField.processFocusEvent(JFormattedTextField.java:612)
	at java.awt.Component.processEvent(Component.java:6289)
	at java.awt.Container.processEvent(Container.java:2236)
	at java.awt.Component.dispatchEventImpl(Component.java:4889)
	at java.awt.Container.dispatchEventImpl(Container.java:2294)
	at java.awt.Component.dispatchEvent(Component.java:4711)
	at java.awt.KeyboardFocusManager.redispatchEvent(KeyboardFocusManager.java:1954)
	at java.awt.DefaultKeyboardFocusManager.typeAheadAssertions(DefaultKeyboardFocusManager.java:995)
	at java.awt.DefaultKeyboardFocusManager.dispatchEvent(DefaultKeyboardFocusManager.java:661)
	at java.awt.Component.dispatchEventImpl(Component.java:4760)
	at java.awt.Container.dispatchEventImpl(Container.java:2294)
	at java.awt.Component.dispatchEvent(Component.java:4711)
	at sun.awt.SunToolkit$1.run(SunToolkit.java:518)
	at java.awt.event.InvocationEvent.dispatch(InvocationEvent.java:311)
	at java.awt.EventQueue.dispatchEventImpl(EventQueue.java:756)
	at java.awt.EventQueue.access$500(EventQueue.java:97)
	at java.awt.EventQueue$3.run(EventQueue.java:709)
	at java.awt.EventQueue$3.run(EventQueue.java:703)
	at java.security.AccessController.doPrivileged(Native Method)
	at java.security.ProtectionDomain$JavaSecurityAccessImpl.doIntersectionPrivilege(ProtectionDomain.java:80)
	at java.awt.EventQueue.dispatchEvent(EventQueue.java:726)
	at java.awt.EventDispatchThread.pumpOneEventForFilters(EventDispatchThread.java:201)
	at java.awt.EventDispatchThread.pumpEventsForFilter(EventDispatchThread.java:116)
	at java.awt.EventDispatchThread.pumpEventsForHierarchy(EventDispatchThread.java:105)
	at java.awt.EventDispatchThread.pumpEvents(EventDispatchThread.java:101)
	at java.awt.EventDispatchThread.pumpEvents(EventDispatchThread.java:93)
	at java.awt.EventDispatchThread.run(EventDispatchThread.java:82)

==============================================================
